<?xml version="1.0" encoding="UTF-8" ?>
<testsuite failures="0" time="0.011" errors="0" skipped="0" tests="3" name="org.daisy.pipeline.test.ui.commandline.CommandLineTest">
  <properties>
[...]
</properties>
  <testcase time="0.007" classname="org.daisy.pipeline.test.ui.commandline.CommandLineTest" name="testParseHelp"/>
  <testcase time="0.001" classname="org.daisy.pipeline.test.ui.commandline.CommandLineTest" name="testUnkOption"/>
  <testcase time="0" classname="org.daisy.pipeline.test.ui.commandline.CommandLineTest" name="testNoOption"/>
</testsuite>